# JRE version: OpenJDK Runtime Environment GraalVM CE 21.0.2+13.1 (21.0.2+13) (build 21.0.2+13-jvmci-23.1-b30)
# Java VM: OpenJDK 64-Bit Server VM GraalVM CE 21.0.2+13.1 (21.0.2+13-jvmci-23.1-b30, mixed mode, sharing, tiered, jvmci, jvmci compiler, compressed oops, compressed class ptrs, g1 gc, windows-amd64)
GC Precious Log:
 CardTable entry size: 512
 Card Set container configuration: InlinePtr #cards 5 size 8 Array Of Cards #cards 12 size 40 Howl #buckets 4 coarsen threshold 1843 Howl Bitmap #cards 512 size 80 coarsen threshold 460 Card regions per heap region 1 cards per card region 2048
 CPUs: 8 total, 8 available
 Memory: 7103M
 Large Page Support: Disabled
 NUMA Support: Disabled
 Compressed Oops: Enabled (32-bit)
 Heap Region Size: 1M
 Heap Min Capacity: 8M
 Heap Initial Capacity: 112M
 Heap Max Capacity: 1776M
 Pre-touch: Disabled
 Parallel Workers: 8
 Concurrent Workers: 2
 Concurrent Refinement Workers: 8
 Periodic GC: Disabled
Heap:
 garbage-first heap   total 147456K, used 84189K [0x0000000091000000, 0x0000000100000000)
  region size 1024K, 43 young (44032K), 7 survivors (7168K)
 Metaspace       used 23922K, committed 24768K, reserved 1114112K
  class space    used 2736K, committed 3136K, reserved 1048576K
GC Heap History (14 events):
Event: 0.998 GC heap before
{Heap before GC invocations=0 (full 0):
 garbage-first heap   total 114688K, used 23552K [0x0000000091000000, 0x0000000100000000)
  region size 1024K, 23 young (23552K), 0 survivors (0K)
 Metaspace       used 5352K, committed 5632K, reserved 1114112K
  class space    used 484K, committed 640K, reserved 1048576K
}
Event: 1.013 GC heap after
{Heap after GC invocations=1 (full 0):
 garbage-first heap   total 114688K, used 12288K [0x0000000091000000, 0x0000000100000000)
  region size 1024K, 3 young (3072K), 3 survivors (3072K)
 Metaspace       used 5352K, committed 5632K, reserved 1114112K
  class space    used 484K, committed 640K, reserved 1048576K
}
Event: 1.776 GC heap before
{Heap before GC invocations=1 (full 0):
 garbage-first heap   total 114688K, used 34816K [0x0000000091000000, 0x0000000100000000)
  region size 1024K, 24 young (24576K), 3 survivors (3072K)
 Metaspace       used 5920K, committed 6208K, reserved 1114112K
  class space    used 516K, committed 640K, reserved 1048576K
}
Event: 1.791 GC heap after
{Heap after GC invocations=2 (full 0):
 garbage-first heap   total 114688K, used 27648K [0x0000000091000000, 0x0000000100000000)
  region size 1024K, 3 young (3072K), 3 survivors (3072K)
 Metaspace       used 5920K, committed 6208K, reserved 1114112K
  class space    used 516K, committed 640K, reserved 1048576K
}
Event: 1.972 GC heap before
{Heap before GC invocations=2 (full 0):
 garbage-first heap   total 114688K, used 53248K [0x0000000091000000, 0x0000000100000000)
  region size 1024K, 28 young (28672K), 3 survivors (3072K)
 Metaspace       used 5983K, committed 6208K, reserved 1114112K
  class space    used 516K, committed 640K, reserved 1048576K
}
Event: 1.983 GC heap after
{Heap after GC invocations=3 (full 0):
 garbage-first heap   total 114688K, used 32256K [0x0000000091000000, 0x0000000100000000)
  region size 1024K, 4 young (4096K), 4 survivors (4096K)
 Metaspace       used 5983K, committed 6208K, reserved 1114112K
  class space    used 516K, committed 640K, reserved 1048576K
}
Event: 2.250 GC heap before
{Heap before GC invocations=3 (full 0):
 garbage-first heap   total 114688K, used 71168K [0x0000000091000000, 0x0000000100000000)
  region size 1024K, 42 young (43008K), 4 survivors (4096K)
 Metaspace       used 6466K, committed 6720K, reserved 1114112K
  class space    used 555K, committed 704K, reserved 1048576K
}
Event: 2.260 GC heap after
{Heap after GC invocations=4 (full 0):
 garbage-first heap   total 114688K, used 38838K [0x0000000091000000, 0x0000000100000000)
  region size 1024K, 6 young (6144K), 6 survivors (6144K)
 Metaspace       used 6466K, committed 6720K, reserved 1114112K
  class space    used 555K, committed 704K, reserved 1048576K
}
Event: 3.083 GC heap before
{Heap before GC invocations=4 (full 0):
 garbage-first heap   total 114688K, used 77750K [0x0000000091000000, 0x0000000100000000)
  region size 1024K, 44 young (45056K), 6 survivors (6144K)
 Metaspace       used 12675K, committed 13056K, reserved 1114112K
  class space    used 1254K, committed 1408K, reserved 1048576K
}
Event: 3.090 GC heap after
{Heap after GC invocations=5 (full 0):
 garbage-first heap   total 147456K, used 42682K [0x0000000091000000, 0x0000000100000000)
  region size 1024K, 4 young (4096K), 4 survivors (4096K)
 Metaspace       used 12675K, committed 13056K, reserved 1114112K
  class space    used 1254K, committed 1408K, reserved 1048576K
}
Event: 3.991 GC heap before
{Heap before GC invocations=5 (full 0):
 garbage-first heap   total 147456K, used 106170K [0x0000000091000000, 0x0000000100000000)
  region size 1024K, 66 young (67584K), 4 survivors (4096K)
 Metaspace       used 19627K, committed 20160K, reserved 1114112K
  class space    used 2137K, committed 2368K, reserved 1048576K
}
Event: 3.998 GC heap after
{Heap after GC invocations=6 (full 0):
 garbage-first heap   total 147456K, used 47007K [0x0000000091000000, 0x0000000100000000)
  region size 1024K, 8 young (8192K), 8 survivors (8192K)
 Metaspace       used 19627K, committed 20160K, reserved 1114112K
  class space    used 2137K, committed 2368K, reserved 1048576K
}
Event: 4.075 GC heap before
{Heap before GC invocations=6 (full 0):
 garbage-first heap   total 147456K, used 58271K [0x0000000091000000, 0x0000000100000000)
  region size 1024K, 21 young (21504K), 8 survivors (8192K)
 Metaspace       used 20932K, committed 21504K, reserved 1114112K
  class space    used 2295K, committed 2560K, reserved 1048576K
}
Event: 4.082 GC heap after
{Heap after GC invocations=7 (full 0):
 garbage-first heap   total 147456K, used 48349K [0x0000000091000000, 0x0000000100000000)
  region size 1024K, 7 young (7168K), 7 survivors (7168K)
 Metaspace       used 20932K, committed 21504K, reserved 1114112K
  class space    used 2295K, committed 2560K, reserved 1048576K
}

